[debug] [2024-05-16T13:34:20.546Z] ----------------------------------------------------------------------
[debug] [2024-05-16T13:34:20.547Z] Command:       /Users/bs1202/.nvm/versions/node/v20.8.0/bin/node /Users/bs1202/.nvm/versions/node/v20.8.0/bin/firebase init
[debug] [2024-05-16T13:34:20.547Z] CLI Version:   13.9.0
[debug] [2024-05-16T13:34:20.547Z] Platform:      darwin
[debug] [2024-05-16T13:34:20.548Z] Node Version:  v20.8.0
[debug] [2024-05-16T13:34:20.548Z] Time:          Thu May 16 2024 19:34:20 GMT+0600 (Bangladesh Standard Time)
[debug] [2024-05-16T13:34:20.548Z] ----------------------------------------------------------------------
[debug] 
[debug] [2024-05-16T13:34:20.549Z] > command requires scopes: ["email","openid","https://www.googleapis.com/auth/cloudplatformprojects.readonly","https://www.googleapis.com/auth/firebase","https://www.googleapis.com/auth/cloud-platform"]
[debug] [2024-05-16T13:34:20.550Z] > authorizing via signed-in user (shah.newaz@brainstation-23.com)
[info] 
     ######## #### ########  ######## ########     ###     ######  ########
     ##        ##  ##     ## ##       ##     ##  ##   ##  ##       ##
     ######    ##  ########  ######   ########  #########  ######  ######
     ##        ##  ##    ##  ##       ##     ## ##     ##       ## ##
     ##       #### ##     ## ######## ########  ##     ##  ######  ########

You're about to initialize a Firebase project in this directory:

  /Users/bs1202/Documents/My Apps/ng-connect

[info] 
=== Project Setup
[info] 
[info] First, let's associate this project directory with a Firebase project.
[info] You can create multiple project aliases by running firebase use --add, 
[info] but for now we'll just set up a default project.
[info] 
[debug] [2024-05-16T13:35:32.972Z] > refreshing access token with scopes: []
[debug] [2024-05-16T13:35:32.973Z] >>> [apiv2][query] POST https://www.googleapis.com/oauth2/v3/token [none]
[debug] [2024-05-16T13:35:32.974Z] >>> [apiv2][body] POST https://www.googleapis.com/oauth2/v3/token [omitted]
[debug] [2024-05-16T13:35:33.571Z] <<< [apiv2][status] POST https://www.googleapis.com/oauth2/v3/token 200
[debug] [2024-05-16T13:35:33.572Z] <<< [apiv2][body] POST https://www.googleapis.com/oauth2/v3/token [omitted]
[debug] [2024-05-16T13:35:33.581Z] >>> [apiv2][query] GET https://firebase.googleapis.com/v1beta1/projects pageSize=100
[debug] [2024-05-16T13:35:34.601Z] <<< [apiv2][status] GET https://firebase.googleapis.com/v1beta1/projects 200
[debug] [2024-05-16T13:35:34.602Z] <<< [apiv2][body] GET https://firebase.googleapis.com/v1beta1/projects [omitted]
[info] i  Using project connect-me-92bc7 (connect-me) 
[info] 
=== Database Setup
[info] i  database: ensuring required API firebasedatabase.googleapis.com is enabled... 
[debug] [2024-05-16T13:35:41.832Z] >>> [apiv2][query] GET https://serviceusage.googleapis.com/v1/projects/connect-me-92bc7/services/firebasedatabase.googleapis.com [none]
[debug] [2024-05-16T13:35:41.832Z] >>> [apiv2][(partial)header] GET https://serviceusage.googleapis.com/v1/projects/connect-me-92bc7/services/firebasedatabase.googleapis.com x-goog-quota-user=projects/connect-me-92bc7
[debug] [2024-05-16T13:35:43.927Z] <<< [apiv2][status] GET https://serviceusage.googleapis.com/v1/projects/connect-me-92bc7/services/firebasedatabase.googleapis.com 200
[debug] [2024-05-16T13:35:43.927Z] <<< [apiv2][body] GET https://serviceusage.googleapis.com/v1/projects/connect-me-92bc7/services/firebasedatabase.googleapis.com [omitted]
[warn] ⚠  database: missing required API firebasedatabase.googleapis.com. Enabling now... 
[debug] [2024-05-16T13:35:43.929Z] >>> [apiv2][query] POST https://serviceusage.googleapis.com/v1/projects/connect-me-92bc7/services/firebasedatabase.googleapis.com:enable [none]
[debug] [2024-05-16T13:35:43.929Z] >>> [apiv2][(partial)header] POST https://serviceusage.googleapis.com/v1/projects/connect-me-92bc7/services/firebasedatabase.googleapis.com:enable x-goog-quota-user=projects/connect-me-92bc7
[debug] [2024-05-16T13:35:44.852Z] <<< [apiv2][status] POST https://serviceusage.googleapis.com/v1/projects/connect-me-92bc7/services/firebasedatabase.googleapis.com:enable 200
[debug] [2024-05-16T13:35:44.853Z] <<< [apiv2][body] POST https://serviceusage.googleapis.com/v1/projects/connect-me-92bc7/services/firebasedatabase.googleapis.com:enable [omitted]
[debug] [2024-05-16T13:35:54.855Z] >>> [apiv2][query] GET https://serviceusage.googleapis.com/v1/projects/connect-me-92bc7/services/firebasedatabase.googleapis.com [none]
[debug] [2024-05-16T13:35:54.856Z] >>> [apiv2][(partial)header] GET https://serviceusage.googleapis.com/v1/projects/connect-me-92bc7/services/firebasedatabase.googleapis.com x-goog-quota-user=projects/connect-me-92bc7
[debug] [2024-05-16T13:35:56.754Z] <<< [apiv2][status] GET https://serviceusage.googleapis.com/v1/projects/connect-me-92bc7/services/firebasedatabase.googleapis.com 200
[debug] [2024-05-16T13:35:56.754Z] <<< [apiv2][body] GET https://serviceusage.googleapis.com/v1/projects/connect-me-92bc7/services/firebasedatabase.googleapis.com [omitted]
[info] ✔  database: required API firebasedatabase.googleapis.com is enabled 
[info] 
[debug] [2024-05-16T13:35:56.759Z] >>> [apiv2][query] GET https://firebase.googleapis.com/v1beta1/projects/connect-me-92bc7 [none]
[debug] [2024-05-16T13:35:57.332Z] <<< [apiv2][status] GET https://firebase.googleapis.com/v1beta1/projects/connect-me-92bc7 200
[debug] [2024-05-16T13:35:57.333Z] <<< [apiv2][body] GET https://firebase.googleapis.com/v1beta1/projects/connect-me-92bc7 {"projectId":"connect-me-92bc7","projectNumber":"185533995829","displayName":"connect-me","name":"projects/connect-me-92bc7","resources":{"hostingSite":"connect-me-92bc7"},"state":"ACTIVE","etag":"1_f5ce25cb-f51b-49e6-af72-d7651178dd91"}
[debug] [2024-05-16T13:36:06.343Z] >>> [apiv2][query] POST https://firebasedatabase.googleapis.com/v1beta/projects/connect-me-92bc7/locations/us-central1/instances databaseId=connect-me-92bc7-default-rtdb&validateOnly=true
[debug] [2024-05-16T13:36:06.344Z] >>> [apiv2][body] POST https://firebasedatabase.googleapis.com/v1beta/projects/connect-me-92bc7/locations/us-central1/instances {"type":"default_database"}
[debug] [2024-05-16T13:36:08.492Z] <<< [apiv2][status] POST https://firebasedatabase.googleapis.com/v1beta/projects/connect-me-92bc7/locations/us-central1/instances 200
[debug] [2024-05-16T13:36:08.493Z] <<< [apiv2][body] POST https://firebasedatabase.googleapis.com/v1beta/projects/connect-me-92bc7/locations/us-central1/instances {"name":"projects/185533995829/locations/us-central1/instances/connect-me-92bc7-default-rtdb","project":"projects/185533995829","databaseUrl":"https://connect-me-92bc7-default-rtdb.firebaseio.com","type":"DEFAULT_DATABASE","state":"ACTIVE"}
[debug] [2024-05-16T13:36:08.494Z] >>> [apiv2][query] POST https://firebasedatabase.googleapis.com/v1beta/projects/connect-me-92bc7/locations/us-central1/instances databaseId=connect-me-92bc7-default-rtdb
[debug] [2024-05-16T13:36:08.494Z] >>> [apiv2][body] POST https://firebasedatabase.googleapis.com/v1beta/projects/connect-me-92bc7/locations/us-central1/instances {"type":"default_database"}
[debug] [2024-05-16T13:36:09.271Z] <<< [apiv2][status] POST https://firebasedatabase.googleapis.com/v1beta/projects/connect-me-92bc7/locations/us-central1/instances 200
[debug] [2024-05-16T13:36:09.272Z] <<< [apiv2][body] POST https://firebasedatabase.googleapis.com/v1beta/projects/connect-me-92bc7/locations/us-central1/instances {"name":"projects/185533995829/locations/us-central1/instances/connect-me-92bc7-default-rtdb","project":"projects/185533995829","databaseUrl":"https://connect-me-92bc7-default-rtdb.firebaseio.com","type":"DEFAULT_DATABASE","state":"ACTIVE"}
[info] 
[info] Firebase Realtime Database Security Rules allow you to define how your data should be
[info] structured and when your data can be read from and written to.
[info] 
[debug] [2024-05-16T13:36:15.088Z] >>> [apiv2][query] GET https://connect-me-92bc7-default-rtdb.firebaseio.com/.settings/rules.json [none]
[debug] [2024-05-16T13:36:16.483Z] <<< [apiv2][status] GET https://connect-me-92bc7-default-rtdb.firebaseio.com/.settings/rules.json 200
[debug] [2024-05-16T13:36:16.483Z] <<< [apiv2][body] GET https://connect-me-92bc7-default-rtdb.firebaseio.com/.settings/rules.json [stream]
[info] ✔  Database Rules for connect-me-92bc7-default-rtdb have been written to database.rules.json. 
[info] Future modifications to database.rules.json will update Realtime Database Security Rules when you run
[info] firebase deploy.
[info] 
=== Firestore Setup
[debug] [2024-05-16T13:36:16.487Z] >>> [apiv2][query] GET https://serviceusage.googleapis.com/v1/projects/connect-me-92bc7/services/firestore.googleapis.com [none]
[debug] [2024-05-16T13:36:16.487Z] >>> [apiv2][(partial)header] GET https://serviceusage.googleapis.com/v1/projects/connect-me-92bc7/services/firestore.googleapis.com x-goog-quota-user=projects/connect-me-92bc7
[debug] [2024-05-16T13:36:18.427Z] <<< [apiv2][status] GET https://serviceusage.googleapis.com/v1/projects/connect-me-92bc7/services/firestore.googleapis.com 200
[debug] [2024-05-16T13:36:18.427Z] <<< [apiv2][body] GET https://serviceusage.googleapis.com/v1/projects/connect-me-92bc7/services/firestore.googleapis.com [omitted]
[debug] [2024-05-16T13:36:18.428Z] >>> [apiv2][query] GET https://firestore.googleapis.com/v1/projects/connect-me-92bc7/databases/(default) [none]
[debug] [2024-05-16T13:36:20.473Z] <<< [apiv2][status] GET https://firestore.googleapis.com/v1/projects/connect-me-92bc7/databases/(default) 200
[debug] [2024-05-16T13:36:20.473Z] <<< [apiv2][body] GET https://firestore.googleapis.com/v1/projects/connect-me-92bc7/databases/(default) {"name":"projects/connect-me-92bc7/databases/(default)","uid":"93863baa-5647-4d97-a614-e2a29a075b0c","createTime":"2024-05-08T07:51:04.903486Z","updateTime":"2024-05-08T07:51:04.903486Z","locationId":"nam5","type":"FIRESTORE_NATIVE","concurrencyMode":"PESSIMISTIC","versionRetentionPeriod":"3600s","earliestVersionTime":"2024-05-16T12:36:20.218009Z","appEngineIntegrationMode":"DISABLED","keyPrefix":"s","pointInTimeRecoveryEnablement":"POINT_IN_TIME_RECOVERY_DISABLED","deleteProtectionState":"DELETE_PROTECTION_DISABLED","etag":"ILfd+4+lkoYDMJO+psDK/YUD"}
[debug] [2024-05-16T13:36:20.473Z] database_type: FIRESTORE_NATIVE
[debug] [2024-05-16T13:36:20.474Z] > command requires scopes: ["email","openid","https://www.googleapis.com/auth/cloudplatformprojects.readonly","https://www.googleapis.com/auth/firebase","https://www.googleapis.com/auth/cloud-platform"]
[debug] [2024-05-16T13:36:20.474Z] > authorizing via signed-in user (shah.newaz@brainstation-23.com)
[debug] [2024-05-16T13:36:20.474Z] [iam] checking project connect-me-92bc7 for permissions ["firebase.projects.get"]
[debug] [2024-05-16T13:36:20.475Z] >>> [apiv2][query] POST https://cloudresourcemanager.googleapis.com/v1/projects/connect-me-92bc7:testIamPermissions [none]
[debug] [2024-05-16T13:36:20.475Z] >>> [apiv2][(partial)header] POST https://cloudresourcemanager.googleapis.com/v1/projects/connect-me-92bc7:testIamPermissions x-goog-quota-user=projects/connect-me-92bc7
[debug] [2024-05-16T13:36:20.475Z] >>> [apiv2][body] POST https://cloudresourcemanager.googleapis.com/v1/projects/connect-me-92bc7:testIamPermissions {"permissions":["firebase.projects.get"]}
[debug] [2024-05-16T13:36:22.214Z] <<< [apiv2][status] POST https://cloudresourcemanager.googleapis.com/v1/projects/connect-me-92bc7:testIamPermissions 200
[debug] [2024-05-16T13:36:22.215Z] <<< [apiv2][body] POST https://cloudresourcemanager.googleapis.com/v1/projects/connect-me-92bc7:testIamPermissions {"permissions":["firebase.projects.get"]}
[info] 
[info] Firestore Security Rules allow you to define how and when to allow
[info] requests. You can keep these rules in your project directory
[info] and publish them with firebase deploy.
[info] 
[debug] [2024-05-16T13:36:24.782Z] >>> [apiv2][query] GET https://firebaserules.googleapis.com/v1/projects/connect-me-92bc7/releases pageSize=10&pageToken=
[debug] [2024-05-16T13:36:26.547Z] <<< [apiv2][status] GET https://firebaserules.googleapis.com/v1/projects/connect-me-92bc7/releases 200
[debug] [2024-05-16T13:36:26.547Z] <<< [apiv2][body] GET https://firebaserules.googleapis.com/v1/projects/connect-me-92bc7/releases {"releases":[{"name":"projects/connect-me-92bc7/releases/cloud.firestore","rulesetName":"projects/connect-me-92bc7/rulesets/2fc229de-2f4d-4937-9d6c-21d748dbba86","createTime":"2024-05-09T12:22:03.019484Z","updateTime":"2024-05-09T12:27:36.000630Z"}]}
[debug] [2024-05-16T13:36:26.547Z] Found ruleset: projects/connect-me-92bc7/rulesets/2fc229de-2f4d-4937-9d6c-21d748dbba86
[debug] [2024-05-16T13:36:26.548Z] >>> [apiv2][query] GET https://firebaserules.googleapis.com/v1/projects/connect-me-92bc7/rulesets/2fc229de-2f4d-4937-9d6c-21d748dbba86 [none]
[debug] [2024-05-16T13:36:27.970Z] <<< [apiv2][status] GET https://firebaserules.googleapis.com/v1/projects/connect-me-92bc7/rulesets/2fc229de-2f4d-4937-9d6c-21d748dbba86 200
[debug] [2024-05-16T13:36:27.971Z] <<< [apiv2][body] GET https://firebaserules.googleapis.com/v1/projects/connect-me-92bc7/rulesets/2fc229de-2f4d-4937-9d6c-21d748dbba86 [omitted]
[info] 
[info] Firestore indexes allow you to perform complex queries while
[info] maintaining performance that scales with the size of the result
[info] set. You can keep index definitions in your project directory
[info] and publish them with firebase deploy.
[info] 
[debug] [2024-05-16T13:36:30.490Z] >>> [apiv2][query] GET https://firestore.googleapis.com/v1/projects/connect-me-92bc7/databases/(default)/collectionGroups/-/indexes [none]
[debug] [2024-05-16T13:36:30.494Z] >>> [apiv2][query] GET https://firestore.googleapis.com/v1/projects/connect-me-92bc7/databases/(default)/collectionGroups/-/fields?filter=indexConfig.usesAncestorConfig=false OR ttlConfig:* [none]
[debug] [2024-05-16T13:36:32.338Z] <<< [apiv2][status] GET https://firestore.googleapis.com/v1/projects/connect-me-92bc7/databases/(default)/collectionGroups/-/fields?filter=indexConfig.usesAncestorConfig=false OR ttlConfig:* 200
[debug] [2024-05-16T13:36:32.338Z] <<< [apiv2][body] GET https://firestore.googleapis.com/v1/projects/connect-me-92bc7/databases/(default)/collectionGroups/-/fields?filter=indexConfig.usesAncestorConfig=false OR ttlConfig:* {"fields":[{"name":"projects/connect-me-92bc7/databases/(default)/collectionGroups/__default__/fields/*","indexConfig":{"indexes":[{"queryScope":"COLLECTION","fields":[{"fieldPath":"*","order":"ASCENDING"}],"state":"READY"},{"queryScope":"COLLECTION","fields":[{"fieldPath":"*","order":"DESCENDING"}],"state":"READY"},{"queryScope":"COLLECTION","fields":[{"fieldPath":"*","arrayConfig":"CONTAINS"}],"state":"READY"}]}}]}
[debug] [2024-05-16T13:36:32.338Z] <<< [apiv2][status] GET https://firestore.googleapis.com/v1/projects/connect-me-92bc7/databases/(default)/collectionGroups/-/indexes 200
[debug] [2024-05-16T13:36:32.339Z] <<< [apiv2][body] GET https://firestore.googleapis.com/v1/projects/connect-me-92bc7/databases/(default)/collectionGroups/-/indexes {}
[info] 
=== Functions Setup
[debug] [2024-05-16T13:36:32.341Z] > command requires scopes: ["email","openid","https://www.googleapis.com/auth/cloudplatformprojects.readonly","https://www.googleapis.com/auth/firebase","https://www.googleapis.com/auth/cloud-platform"]
[debug] [2024-05-16T13:36:32.341Z] > authorizing via signed-in user (shah.newaz@brainstation-23.com)
[debug] [2024-05-16T13:36:32.341Z] [iam] checking project connect-me-92bc7 for permissions ["firebase.projects.get"]
[debug] [2024-05-16T13:36:32.341Z] >>> [apiv2][query] POST https://cloudresourcemanager.googleapis.com/v1/projects/connect-me-92bc7:testIamPermissions [none]
[debug] [2024-05-16T13:36:32.341Z] >>> [apiv2][(partial)header] POST https://cloudresourcemanager.googleapis.com/v1/projects/connect-me-92bc7:testIamPermissions x-goog-quota-user=projects/connect-me-92bc7
[debug] [2024-05-16T13:36:32.341Z] >>> [apiv2][body] POST https://cloudresourcemanager.googleapis.com/v1/projects/connect-me-92bc7:testIamPermissions {"permissions":["firebase.projects.get"]}
[debug] [2024-05-16T13:36:33.989Z] <<< [apiv2][status] POST https://cloudresourcemanager.googleapis.com/v1/projects/connect-me-92bc7:testIamPermissions 200
[debug] [2024-05-16T13:36:33.990Z] <<< [apiv2][body] POST https://cloudresourcemanager.googleapis.com/v1/projects/connect-me-92bc7:testIamPermissions {"permissions":["firebase.projects.get"]}
[debug] [2024-05-16T13:36:33.990Z] >>> [apiv2][query] GET https://serviceusage.googleapis.com/v1/projects/connect-me-92bc7/services/cloudfunctions.googleapis.com [none]
[debug] [2024-05-16T13:36:33.990Z] >>> [apiv2][(partial)header] GET https://serviceusage.googleapis.com/v1/projects/connect-me-92bc7/services/cloudfunctions.googleapis.com x-goog-quota-user=projects/connect-me-92bc7
[debug] [2024-05-16T13:36:33.994Z] >>> [apiv2][query] GET https://serviceusage.googleapis.com/v1/projects/connect-me-92bc7/services/runtimeconfig.googleapis.com [none]
[debug] [2024-05-16T13:36:33.994Z] >>> [apiv2][(partial)header] GET https://serviceusage.googleapis.com/v1/projects/connect-me-92bc7/services/runtimeconfig.googleapis.com x-goog-quota-user=projects/connect-me-92bc7
[debug] [2024-05-16T13:36:35.898Z] <<< [apiv2][status] GET https://serviceusage.googleapis.com/v1/projects/connect-me-92bc7/services/cloudfunctions.googleapis.com 200
[debug] [2024-05-16T13:36:35.898Z] <<< [apiv2][body] GET https://serviceusage.googleapis.com/v1/projects/connect-me-92bc7/services/cloudfunctions.googleapis.com [omitted]
[debug] [2024-05-16T13:36:35.899Z] >>> [apiv2][query] POST https://serviceusage.googleapis.com/v1/projects/connect-me-92bc7/services/cloudfunctions.googleapis.com:enable [none]
[debug] [2024-05-16T13:36:35.899Z] >>> [apiv2][(partial)header] POST https://serviceusage.googleapis.com/v1/projects/connect-me-92bc7/services/cloudfunctions.googleapis.com:enable x-goog-quota-user=projects/connect-me-92bc7
[debug] [2024-05-16T13:36:35.930Z] <<< [apiv2][status] GET https://serviceusage.googleapis.com/v1/projects/connect-me-92bc7/services/runtimeconfig.googleapis.com 200
[debug] [2024-05-16T13:36:35.930Z] <<< [apiv2][body] GET https://serviceusage.googleapis.com/v1/projects/connect-me-92bc7/services/runtimeconfig.googleapis.com [omitted]
[debug] [2024-05-16T13:36:36.775Z] <<< [apiv2][status] POST https://serviceusage.googleapis.com/v1/projects/connect-me-92bc7/services/cloudfunctions.googleapis.com:enable 200
[debug] [2024-05-16T13:36:36.776Z] <<< [apiv2][body] POST https://serviceusage.googleapis.com/v1/projects/connect-me-92bc7/services/cloudfunctions.googleapis.com:enable [omitted]
[debug] [2024-05-16T13:36:46.777Z] >>> [apiv2][query] GET https://serviceusage.googleapis.com/v1/projects/connect-me-92bc7/services/cloudfunctions.googleapis.com [none]
[debug] [2024-05-16T13:36:46.778Z] >>> [apiv2][(partial)header] GET https://serviceusage.googleapis.com/v1/projects/connect-me-92bc7/services/cloudfunctions.googleapis.com x-goog-quota-user=projects/connect-me-92bc7
[debug] [2024-05-16T13:36:48.740Z] <<< [apiv2][status] GET https://serviceusage.googleapis.com/v1/projects/connect-me-92bc7/services/cloudfunctions.googleapis.com 200
[debug] [2024-05-16T13:36:48.741Z] <<< [apiv2][body] GET https://serviceusage.googleapis.com/v1/projects/connect-me-92bc7/services/cloudfunctions.googleapis.com [omitted]
[info] Let's create a new codebase for your functions.
[info] A directory corresponding to the codebase will be created in your project
[info] with sample code pre-configured.

[info] See https://firebase.google.com/docs/functions/organize-functions for
[info] more information on organizing your functions using codebases.

[info] Functions can be deployed with firebase deploy.

[info] ✔  Wrote functions/package.json 
[info] ✔  Wrote functions/.eslintrc.js 
[info] ✔  Wrote functions/tsconfig.json 
[info] ✔  Wrote functions/tsconfig.dev.json 
[info] ✔  Wrote functions/src/index.ts 
[info] ✔  Wrote functions/.gitignore 
[info] 
=== Hosting Setup
[debug] [2024-05-16T13:38:52.575Z] >>> [apiv2][query] GET https://firebase.googleapis.com/v1beta1/projects/connect-me-92bc7 [none]
[debug] [2024-05-16T13:38:53.393Z] <<< [apiv2][status] GET https://firebase.googleapis.com/v1beta1/projects/connect-me-92bc7 200
[debug] [2024-05-16T13:38:53.393Z] <<< [apiv2][body] GET https://firebase.googleapis.com/v1beta1/projects/connect-me-92bc7 {"projectId":"connect-me-92bc7","projectNumber":"185533995829","displayName":"connect-me","name":"projects/connect-me-92bc7","resources":{"hostingSite":"connect-me-92bc7","realtimeDatabaseInstance":"connect-me-92bc7-default-rtdb"},"state":"ACTIVE","etag":"1_f5ce25cb-f51b-49e6-af72-d7651178dd91"}
[info] 
[info] Your public directory is the folder (relative to your project directory) that
[info] will contain Hosting assets to be uploaded with firebase deploy. If you
[info] have a build process for your assets, use your build's output directory.
[info] 
[debug] [2024-05-16T13:39:43.074Z] >>> [apiv2][query] GET https://www.gstatic.com/firebasejs/releases.json [none]
[debug] [2024-05-16T13:39:43.444Z] <<< [apiv2][status] GET https://www.gstatic.com/firebasejs/releases.json 200
[debug] [2024-05-16T13:39:43.444Z] <<< [apiv2][body] GET https://www.gstatic.com/firebasejs/releases.json {"current":{"version":"10.12.0","browserURL":"https://www.gstatic.com/firebasejs/10.12.0/firebase.js","packageURL":"https://www.gstatic.com/firebasejs/10.12.0/firebase.tgz"},"live":{"version":"10.12","browserURL":"https://www.gstatic.com/firebasejs/live/10.12/firebase.js","packageURL":"https://www.gstatic.com/firebasejs/live/10.12/firebase.tgz"},"components":{"analytics":"https://www.gstatic.com/firebasejs/10.12.0/firebase-analytics.js","app":"https://www.gstatic.com/firebasejs/10.12.0/firebase-app.js","app-check":"https://www.gstatic.com/firebasejs/10.12.0/firebase-app-check.js","auth":"https://www.gstatic.com/firebasejs/10.12.0/firebase-auth.js","auth/cordova":"https://www.gstatic.com/firebasejs/10.12.0/firebase-auth/cordova.js","auth/web-extension":"https://www.gstatic.com/firebasejs/10.12.0/firebase-auth/web-extension.js","functions":"https://www.gstatic.com/firebasejs/10.12.0/firebase-functions.js","firestore":"https://www.gstatic.com/firebasejs/10.12.0/firebase-firestore.js","firestore/lite":"https://www.gstatic.com/firebasejs/10.12.0/firebase-firestore/lite.js","installations":"https://www.gstatic.com/firebasejs/10.12.0/firebase-installations.js","storage":"https://www.gstatic.com/firebasejs/10.12.0/firebase-storage.js","performance":"https://www.gstatic.com/firebasejs/10.12.0/firebase-performance.js","remote-config":"https://www.gstatic.com/firebasejs/10.12.0/firebase-remote-config.js","messaging":"https://www.gstatic.com/firebasejs/10.12.0/firebase-messaging.js","messaging/sw":"https://www.gstatic.com/firebasejs/10.12.0/firebase-messaging/sw.js","database":"https://www.gstatic.com/firebasejs/10.12.0/firebase-database.js","vertexai-preview":"https://www.gstatic.com/firebasejs/10.12.0/firebase-vertexai-preview.js","firestore.memory":"https://www.gstatic.com/firebasejs/10.12.0/firebase-firestore.memory.js"}}
[info] ✔  Wrote src/index.html 
[info] 
[info] i  Detected a .git folder at /Users/bs1202/Documents/My Apps/ng-connect 
[info] i  Authorizing with GitHub to upload your service account to a GitHub repository's secrets store. 
[info] 
[info] Visit this URL on this device to log in:
[info] https://github.com/login/oauth/authorize?client_id=89cf50f02ac6aaed3484&state=26112257&redirect_uri=http%3A%2F%2Flocalhost%3A9005&scope=read%3Auser%20repo%20public_repo
[info] 
[info] Waiting for authentication...
[debug] [2024-05-16T13:39:57.463Z] >>> [apiv2][query] POST https://github.com/login/oauth/access_token [none]
[debug] [2024-05-16T13:39:57.463Z] >>> [apiv2][body] POST https://github.com/login/oauth/access_token [stream]
[debug] [2024-05-16T13:39:58.109Z] <<< [apiv2][status] POST https://github.com/login/oauth/access_token 200
[debug] [2024-05-16T13:39:58.110Z] <<< [apiv2][body] POST https://github.com/login/oauth/access_token {"access_token":"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","token_type":"bearer","scope":"read:user,repo"}
[debug] [2024-05-16T13:39:58.118Z] >>> [apiv2][query] GET https://api.github.com/user [none]
[debug] [2024-05-16T13:39:58.794Z] <<< [apiv2][status] GET https://api.github.com/user 200
[debug] [2024-05-16T13:39:58.794Z] <<< [apiv2][body] GET https://api.github.com/user {"login":"shishirbs23","id":161436549,"node_id":"U_kgDOCZ9ThQ","avatar_url":"https://avatars.githubusercontent.com/u/161436549?v=4","gravatar_id":"","url":"https://api.github.com/users/shishirbs23","html_url":"https://github.com/shishirbs23","followers_url":"https://api.github.com/users/shishirbs23/followers","following_url":"https://api.github.com/users/shishirbs23/following{/other_user}","gists_url":"https://api.github.com/users/shishirbs23/gists{/gist_id}","starred_url":"https://api.github.com/users/shishirbs23/starred{/owner}{/repo}","subscriptions_url":"https://api.github.com/users/shishirbs23/subscriptions","organizations_url":"https://api.github.com/users/shishirbs23/orgs","repos_url":"https://api.github.com/users/shishirbs23/repos","events_url":"https://api.github.com/users/shishirbs23/events{/privacy}","received_events_url":"https://api.github.com/users/shishirbs23/received_events","type":"User","site_admin":false,"name":null,"company":null,"blog":"","location":null,"email":null,"hireable":null,"bio":null,"twitter_username":null,"public_repos":1,"public_gists":0,"followers":0,"following":0,"created_at":"2024-02-27T08:39:14Z","updated_at":"2024-03-15T13:59:47Z","private_gists":0,"total_private_repos":2,"owned_private_repos":2,"disk_usage":914,"collaborators":0,"two_factor_authentication":false,"plan":{"name":"free","space":976562499,"collaborators":0,"private_repos":10000}}
[info] 
[info] ✔  Success! Logged into GitHub as shishirbs23 
[info] 
